<?xml version="1.0" encoding="UTF-8"?>
<testng-results ignored="0" total="1" passed="1" failed="0" skipped="0">
  <reporter-output>
  </reporter-output>
  <suite started-at="2019-11-03T18:43:03 AEDT" name="Default suite" finished-at="2019-11-03T18:43:15 AEDT" duration-ms="11429">
    <groups>
    </groups>
    <test started-at="2019-11-03T18:43:03 AEDT" name="Default test" finished-at="2019-11-03T18:43:15 AEDT" duration-ms="11429">
      <class name="APItesting.APItesting.basicm">
        <test-method signature="createPet()[pri:0, instance:APItesting.APItesting.basicm@4e7912d8]" started-at="2019-11-03T18:43:03 AEDT" name="createPet" finished-at="2019-11-03T18:43:15 AEDT" duration-ms="11398" status="PASS">
          <reporter-output>
          </reporter-output>
        </test-method> <!-- createPet -->
      </class> <!-- APItesting.APItesting.basicm -->
    </test> <!-- Default test -->
  </suite> <!-- Default suite -->
</testng-results>
