<?xml version="1.0" encoding="UTF-8"?>
<testng-results ignored="0" total="1" passed="1" failed="0" skipped="0">
  <reporter-output>
  </reporter-output>
  <suite started-at="2019-11-13T18:18:49 AEDT" name="Default suite" finished-at="2019-11-13T18:18:49 AEDT" duration-ms="43">
    <groups>
    </groups>
    <test started-at="2019-11-13T18:18:49 AEDT" name="Default test" finished-at="2019-11-13T18:18:49 AEDT" duration-ms="43">
      <class name="beta.Demob">
        <test-method signature="logtest()[pri:0, instance:beta.Demob@655f7ea]" started-at="2019-11-13T18:18:49 AEDT" name="logtest" finished-at="2019-11-13T18:18:49 AEDT" duration-ms="15" status="PASS">
          <reporter-output>
          </reporter-output>
        </test-method> <!-- logtest -->
      </class> <!-- beta.Demob -->
    </test> <!-- Default test -->
  </suite> <!-- Default suite -->
</testng-results>
